2025-06-23T10:05:44.392+05:30  INFO 2260 --- [main] com.example.newcost.NewcostApplication   : Starting NewcostApplication using Java 17.0.12 with PID 2260 (C:\Kishore\meganathan\Cost-Optimization-Tool\newcost-backend\target\classes started by Meganathan in C:\Kishore\meganathan\Cost-Optimization-Tool\newcost-backend)
2025-06-23T10:05:44.412+05:30 DEBUG 2260 --- [main] com.example.newcost.NewcostApplication   : Running with Spring Boot v3.3.4, Spring v6.1.13
2025-06-23T10:05:44.420+05:30  INFO 2260 --- [main] com.example.newcost.NewcostApplication   : No active profile set, falling back to 1 default profile: "default"
2025-06-23T10:05:48.042+05:30  INFO 2260 --- [main] .s.d.r.c.RepositoryConfigurationDelegate : Bootstrapping Spring Data JPA repositories in DEFAULT mode.
2025-06-23T10:05:48.427+05:30  INFO 2260 --- [main] .s.d.r.c.RepositoryConfigurationDelegate : Finished Spring Data repository scanning in 355 ms. Found 2 JPA repository interfaces.
2025-06-23T10:05:53.985+05:30  INFO 2260 --- [main] o.s.b.w.embedded.tomcat.TomcatWebServer  : Tomcat initialized with port 8080 (http)
2025-06-23T10:05:54.066+05:30  INFO 2260 --- [main] o.apache.catalina.core.StandardService   : Starting service [Tomcat]
2025-06-23T10:05:54.066+05:30  INFO 2260 --- [main] o.apache.catalina.core.StandardEngine    : Starting Servlet engine: [Apache Tomcat/10.1.30]
2025-06-23T10:05:54.849+05:30  INFO 2260 --- [main] o.a.c.c.C.[Tomcat].[localhost].[/]       : Initializing Spring embedded WebApplicationContext
2025-06-23T10:05:54.849+05:30  INFO 2260 --- [main] w.s.c.ServletWebServerApplicationContext : Root WebApplicationContext: initialization completed in 10163 ms
2025-06-23T10:05:56.549+05:30  INFO 2260 --- [main] o.hibernate.jpa.internal.util.LogHelper  : HHH000204: Processing PersistenceUnitInfo [name: default]
2025-06-23T10:05:57.158+05:30  INFO 2260 --- [main] org.hibernate.Version                    : HHH000412: Hibernate ORM core version 6.5.3.Final
2025-06-23T10:05:57.434+05:30  INFO 2260 --- [main] o.h.c.internal.RegionFactoryInitiator    : HHH000026: Second-level cache disabled
2025-06-23T10:06:03.997+05:30  INFO 2260 --- [main] o.s.o.j.p.SpringPersistenceUnitInfo      : No LoadTimeWeaver setup: ignoring JPA class transformer
2025-06-23T10:06:04.282+05:30  INFO 2260 --- [main] com.zaxxer.hikari.HikariDataSource       : HikariPool-1 - Starting...
2025-06-23T10:06:05.962+05:30  INFO 2260 --- [main] com.zaxxer.hikari.pool.HikariPool        : HikariPool-1 - Added connection com.mysql.cj.jdbc.ConnectionImpl@5d37aa0f
2025-06-23T10:06:05.972+05:30  INFO 2260 --- [main] com.zaxxer.hikari.HikariDataSource       : HikariPool-1 - Start completed.
2025-06-23T10:06:06.153+05:30  WARN 2260 --- [main] org.hibernate.orm.deprecation            : HHH90000025: MySQL8Dialect does not need to be specified explicitly using 'hibernate.dialect' (remove the property setting and it will be selected by default)
2025-06-23T10:06:06.155+05:30  WARN 2260 --- [main] org.hibernate.orm.deprecation            : HHH90000026: MySQL8Dialect has been deprecated; use org.hibernate.dialect.MySQLDialect instead
2025-06-23T10:06:08.948+05:30  INFO 2260 --- [main] o.h.e.t.j.p.i.JtaPlatformInitiator       : HHH000489: No JTA platform available (set 'hibernate.transaction.jta.platform' to enable JTA platform integration)
2025-06-23T10:06:09.172+05:30  INFO 2260 --- [main] j.LocalContainerEntityManagerFactoryBean : Initialized JPA EntityManagerFactory for persistence unit 'default'
2025-06-23T10:06:23.902+05:30  WARN 2260 --- [main] JpaBaseConfiguration$JpaWebConfiguration : spring.jpa.open-in-view is enabled by default. Therefore, database queries may be performed during view rendering. Explicitly configure spring.jpa.open-in-view to disable this warning
2025-06-23T10:06:24.035+05:30  WARN 2260 --- [main] .s.s.UserDetailsServiceAutoConfiguration : 

Using generated security password: b579779b-d040-41fa-ad15-867f94ec4922

This generated password is for development use only. Your security configuration must be updated before running your application in production.

2025-06-23T10:06:24.065+05:30  INFO 2260 --- [main] r$InitializeUserDetailsManagerConfigurer : Global AuthenticationManager configured with UserDetailsService bean with name inMemoryUserDetailsManager
2025-06-23T10:06:24.594+05:30 DEBUG 2260 --- [main] s.w.s.m.m.a.RequestMappingHandlerMapping : 18 mappings in 'requestMappingHandlerMapping'
2025-06-23T10:06:24.905+05:30 DEBUG 2260 --- [main] o.s.w.s.handler.SimpleUrlHandlerMapping  : Patterns [/webjars/**, /**] in 'resourceHandlerMapping'
2025-06-23T10:06:25.439+05:30 DEBUG 2260 --- [main] s.w.s.m.m.a.RequestMappingHandlerAdapter : ControllerAdvice beans: 0 @ModelAttribute, 0 @InitBinder, 1 RequestBodyAdvice, 1 ResponseBodyAdvice
2025-06-23T10:06:25.716+05:30 DEBUG 2260 --- [main] .m.m.a.ExceptionHandlerExceptionResolver : ControllerAdvice beans: 0 @ExceptionHandler, 1 ResponseBodyAdvice
2025-06-23T10:06:26.233+05:30  INFO 2260 --- [main] o.s.b.w.embedded.tomcat.TomcatWebServer  : Tomcat started on port 8080 (http) with context path '/'
2025-06-23T10:06:26.254+05:30  INFO 2260 --- [main] com.example.newcost.NewcostApplication   : Started NewcostApplication in 44.371 seconds (process running for 46.842)
2025-06-23T10:29:47.242+05:30  INFO 2260 --- [SpringApplicationShutdownHook] j.LocalContainerEntityManagerFactoryBean : Closing JPA EntityManagerFactory for persistence unit 'default'
2025-06-23T10:29:47.433+05:30  INFO 2260 --- [SpringApplicationShutdownHook] com.zaxxer.hikari.HikariDataSource       : HikariPool-1 - Shutdown initiated...
2025-06-23T10:29:47.649+05:30  INFO 2260 --- [SpringApplicationShutdownHook] com.zaxxer.hikari.HikariDataSource       : HikariPool-1 - Shutdown completed.
